2022-11-28 15:16:58,984 Downloading artifacts
[34m[1mwandb[39m[22m: [32m[41mERROR[39m[49m Project moutasem/nyc_airbnb does not contain artifact: "random_forest_export:prod"
Traceback (most recent call last):
  File "/Users/moutasemhome/opt/anaconda3/envs/mlflow-1407e10a05722dc81122862aa4ff4e8bb3ea0b26/lib/python3.9/site-packages/wandb/apis/normalize.py", line 24, in wrapper
    return func(*args, **kwargs)
  File "/Users/moutasemhome/opt/anaconda3/envs/mlflow-1407e10a05722dc81122862aa4ff4e8bb3ea0b26/lib/python3.9/site-packages/wandb/apis/public.py", line 557, in artifact
    artifact = Artifact(self.client, entity, project, artifact_name)
  File "/Users/moutasemhome/opt/anaconda3/envs/mlflow-1407e10a05722dc81122862aa4ff4e8bb3ea0b26/lib/python3.9/site-packages/wandb/apis/public.py", line 2759, in __init__
    self._load()
  File "/Users/moutasemhome/opt/anaconda3/envs/mlflow-1407e10a05722dc81122862aa4ff4e8bb3ea0b26/lib/python3.9/site-packages/wandb/apis/public.py", line 3243, in _load
    raise ValueError(
ValueError: Project moutasem/nyc_airbnb does not contain artifact: "random_forest_export:prod"
During handling of the above exception, another exception occurred:
Traceback (most recent call last):
  File "/Users/moutasemhome/code/ai/mlops/build-ml-pipeline-for-short-term-rental-prices/components/test_regression_model/run.py", line 73, in <module>
    go(args)
  File "/Users/moutasemhome/code/ai/mlops/build-ml-pipeline-for-short-term-rental-prices/components/test_regression_model/run.py", line 27, in go
    model_local_path = run.use_artifact(args.mlflow_model).download()
  File "/Users/moutasemhome/opt/anaconda3/envs/mlflow-1407e10a05722dc81122862aa4ff4e8bb3ea0b26/lib/python3.9/site-packages/wandb/sdk/wandb_run.py", line 2021, in use_artifact
    artifact = public_api.artifact(type=type, name=name)
  File "/Users/moutasemhome/opt/anaconda3/envs/mlflow-1407e10a05722dc81122862aa4ff4e8bb3ea0b26/lib/python3.9/site-packages/wandb/apis/normalize.py", line 62, in wrapper
    six.reraise(CommError, CommError(message, err), sys.exc_info()[2])
  File "/Users/moutasemhome/opt/anaconda3/envs/mlflow-1407e10a05722dc81122862aa4ff4e8bb3ea0b26/lib/python3.9/site-packages/six.py", line 718, in reraise
    raise value.with_traceback(tb)
  File "/Users/moutasemhome/opt/anaconda3/envs/mlflow-1407e10a05722dc81122862aa4ff4e8bb3ea0b26/lib/python3.9/site-packages/wandb/apis/normalize.py", line 24, in wrapper
    return func(*args, **kwargs)
  File "/Users/moutasemhome/opt/anaconda3/envs/mlflow-1407e10a05722dc81122862aa4ff4e8bb3ea0b26/lib/python3.9/site-packages/wandb/apis/public.py", line 557, in artifact
    artifact = Artifact(self.client, entity, project, artifact_name)
  File "/Users/moutasemhome/opt/anaconda3/envs/mlflow-1407e10a05722dc81122862aa4ff4e8bb3ea0b26/lib/python3.9/site-packages/wandb/apis/public.py", line 2759, in __init__
    self._load()
  File "/Users/moutasemhome/opt/anaconda3/envs/mlflow-1407e10a05722dc81122862aa4ff4e8bb3ea0b26/lib/python3.9/site-packages/wandb/apis/public.py", line 3243, in _load
    raise ValueError(
wandb.errors.CommError: Project moutasem/nyc_airbnb does not contain artifact: "random_forest_export:prod"